<?xml version="1.0" encoding="UTF-8"?>
<!-- Generated by org.testng.reporters.JUnitReportReporter -->
<testsuite skipped="0" hostname="DESKTOP-27L8JE7" name="com.project.AugustMaven8PMBatch.NewTest" tests="1" failures="0" timestamp="2020-08-11T20:40:13 IST" time="0.025" errors="0">
  <testcase name="f" time="0.025" classname="com.project.AugustMaven8PMBatch.NewTest"/>
  <system-out/>
</testsuite> <!-- com.project.AugustMaven8PMBatch.NewTest -->
