<?xml version="1.0" encoding="UTF-8"?>
<!-- Generated by org.testng.reporters.JUnitReportReporter -->
<testsuite skipped="1" hostname="DESKTOP-27L8JE7" name="com.project.AugustMaven8PMBatch.TNG_001" tests="3" failures="0" timestamp="2020-08-11T20:55:09 IST" time="0.032" errors="0">
  <testcase name="f" time="0.026" classname="com.project.AugustMaven8PMBatch.TNG_001"/>
  <system-out/>
  <testcase name="a" time="0.006" classname="com.project.AugustMaven8PMBatch.TNG_001"/>
  <system-out/>
  <testcase name="z" classname="com.project.AugustMaven8PMBatch.TNG_001">
    <skipped/>
  </testcase> <!-- z -->
  <system-out/>
</testsuite> <!-- com.project.AugustMaven8PMBatch.TNG_001 -->
